11-Feb-2016 11:46:26.271 INFO [main] org.apache.catalina.startup.VersionLoggerListener.log Server version:        Apache Tomcat/8.0.30
11-Feb-2016 11:46:26.274 INFO [main] org.apache.catalina.startup.VersionLoggerListener.log Server built:          Dec 1 2015 22:30:46 UTC
11-Feb-2016 11:46:26.274 INFO [main] org.apache.catalina.startup.VersionLoggerListener.log Server number:         8.0.30.0
11-Feb-2016 11:46:26.274 INFO [main] org.apache.catalina.startup.VersionLoggerListener.log OS Name:               Windows 10
11-Feb-2016 11:46:26.275 INFO [main] org.apache.catalina.startup.VersionLoggerListener.log OS Version:            10.0
11-Feb-2016 11:46:26.275 INFO [main] org.apache.catalina.startup.VersionLoggerListener.log Architecture:          amd64
11-Feb-2016 11:46:26.275 INFO [main] org.apache.catalina.startup.VersionLoggerListener.log Java Home:             C:\Program Files\Java\jdk1.8.0_72\jre
11-Feb-2016 11:46:26.276 INFO [main] org.apache.catalina.startup.VersionLoggerListener.log JVM Version:           1.8.0_72-b15
11-Feb-2016 11:46:26.276 INFO [main] org.apache.catalina.startup.VersionLoggerListener.log JVM Vendor:            Oracle Corporation
11-Feb-2016 11:46:26.276 INFO [main] org.apache.catalina.startup.VersionLoggerListener.log CATALINA_BASE:         C:\Program Files\apache-tomcat-8.0.30
11-Feb-2016 11:46:26.277 INFO [main] org.apache.catalina.startup.VersionLoggerListener.log CATALINA_HOME:         C:\Program Files\apache-tomcat-8.0.30
11-Feb-2016 11:46:26.277 INFO [main] org.apache.catalina.startup.VersionLoggerListener.log Command line argument: -Djava.util.logging.config.file=C:\Program Files\apache-tomcat-8.0.30\conf\logging.properties
11-Feb-2016 11:46:26.277 INFO [main] org.apache.catalina.startup.VersionLoggerListener.log Command line argument: -Djava.util.logging.manager=org.apache.juli.ClassLoaderLogManager
11-Feb-2016 11:46:26.278 INFO [main] org.apache.catalina.startup.VersionLoggerListener.log Command line argument: -Djava.endorsed.dirs=C:\Program Files\apache-tomcat-8.0.30\endorsed
11-Feb-2016 11:46:26.278 INFO [main] org.apache.catalina.startup.VersionLoggerListener.log Command line argument: -Dcatalina.base=C:\Program Files\apache-tomcat-8.0.30
11-Feb-2016 11:46:26.278 INFO [main] org.apache.catalina.startup.VersionLoggerListener.log Command line argument: -Dcatalina.home=C:\Program Files\apache-tomcat-8.0.30
11-Feb-2016 11:46:26.279 INFO [main] org.apache.catalina.startup.VersionLoggerListener.log Command line argument: -Djava.io.tmpdir=C:\Program Files\apache-tomcat-8.0.30\temp
11-Feb-2016 11:46:26.280 INFO [main] org.apache.catalina.core.AprLifecycleListener.lifecycleEvent Loaded APR based Apache Tomcat Native library 1.1.33 using APR version 1.5.1.
11-Feb-2016 11:46:26.280 INFO [main] org.apache.catalina.core.AprLifecycleListener.lifecycleEvent APR capabilities: IPv6 [true], sendfile [true], accept filters [false], random [true].
11-Feb-2016 11:46:27.075 INFO [main] org.apache.catalina.core.AprLifecycleListener.initializeSSL OpenSSL successfully initialized (OpenSSL 1.0.1m 19 Mar 2015)
11-Feb-2016 11:46:27.703 INFO [main] org.apache.coyote.AbstractProtocol.init Initializing ProtocolHandler ["http-apr-8080"]
11-Feb-2016 11:46:27.711 INFO [main] org.apache.coyote.AbstractProtocol.init Initializing ProtocolHandler ["ajp-apr-8009"]
11-Feb-2016 11:46:27.713 INFO [main] org.apache.catalina.startup.Catalina.load Initialization processed in 2067 ms
11-Feb-2016 11:46:27.740 INFO [main] org.apache.catalina.core.StandardService.startInternal Starting service Catalina
11-Feb-2016 11:46:27.741 INFO [main] org.apache.catalina.core.StandardEngine.startInternal Starting Servlet Engine: Apache Tomcat/8.0.30
11-Feb-2016 11:46:27.751 INFO [localhost-startStop-1] org.apache.catalina.startup.HostConfig.deployDirectory Deploying web application directory C:\Program Files\apache-tomcat-8.0.30\webapps\CSE132b
11-Feb-2016 11:46:27.787 WARNING [localhost-startStop-1] org.apache.catalina.startup.SetContextPropertiesRule.begin [SetContextPropertiesRule]{Context} Setting property 'debug' to '0' did not find a matching property.
11-Feb-2016 11:46:28.613 INFO [localhost-startStop-1] org.apache.jasper.servlet.TldScanner.scanJars At least one JAR was scanned for TLDs yet contained no TLDs. Enable debug logging for this logger for a complete list of JARs that were scanned but no TLDs were found in them. Skipping unneeded JARs during scanning can improve startup time and JSP compilation time.
11-Feb-2016 11:46:28.889 INFO [localhost-startStop-1] org.apache.catalina.util.SessionIdGeneratorBase.createSecureRandom Creation of SecureRandom instance for session ID generation using [SHA1PRNG] took [204] milliseconds.
11-Feb-2016 11:46:28.968 INFO [localhost-startStop-1] org.apache.catalina.startup.HostConfig.deployDirectory Deployment of web application directory C:\Program Files\apache-tomcat-8.0.30\webapps\CSE132b has finished in 1,217 ms
11-Feb-2016 11:46:28.969 INFO [localhost-startStop-1] org.apache.catalina.startup.HostConfig.deployDirectory Deploying web application directory C:\Program Files\apache-tomcat-8.0.30\webapps\docs
11-Feb-2016 11:46:28.971 WARNING [localhost-startStop-1] org.apache.catalina.startup.SetContextPropertiesRule.begin [SetContextPropertiesRule]{Context} Setting property 'debug' to '0' did not find a matching property.
11-Feb-2016 11:46:29.243 INFO [localhost-startStop-1] org.apache.jasper.servlet.TldScanner.scanJars At least one JAR was scanned for TLDs yet contained no TLDs. Enable debug logging for this logger for a complete list of JARs that were scanned but no TLDs were found in them. Skipping unneeded JARs during scanning can improve startup time and JSP compilation time.
11-Feb-2016 11:46:29.245 INFO [localhost-startStop-1] org.apache.catalina.startup.HostConfig.deployDirectory Deployment of web application directory C:\Program Files\apache-tomcat-8.0.30\webapps\docs has finished in 277 ms
11-Feb-2016 11:46:29.246 INFO [localhost-startStop-1] org.apache.catalina.startup.HostConfig.deployDirectory Deploying web application directory C:\Program Files\apache-tomcat-8.0.30\webapps\examples
11-Feb-2016 11:46:29.249 WARNING [localhost-startStop-1] org.apache.catalina.startup.SetContextPropertiesRule.begin [SetContextPropertiesRule]{Context} Setting property 'debug' to '0' did not find a matching property.
11-Feb-2016 11:46:30.980 INFO [localhost-startStop-1] org.apache.jasper.servlet.TldScanner.scanJars At least one JAR was scanned for TLDs yet contained no TLDs. Enable debug logging for this logger for a complete list of JARs that were scanned but no TLDs were found in them. Skipping unneeded JARs during scanning can improve startup time and JSP compilation time.
11-Feb-2016 11:46:31.073 INFO [localhost-startStop-1] org.apache.catalina.startup.HostConfig.deployDirectory Deployment of web application directory C:\Program Files\apache-tomcat-8.0.30\webapps\examples has finished in 1,827 ms
11-Feb-2016 11:46:31.074 INFO [localhost-startStop-1] org.apache.catalina.startup.HostConfig.deployDirectory Deploying web application directory C:\Program Files\apache-tomcat-8.0.30\webapps\host-manager
11-Feb-2016 11:46:31.109 WARNING [localhost-startStop-1] org.apache.catalina.startup.SetContextPropertiesRule.begin [SetContextPropertiesRule]{Context} Setting property 'debug' to '0' did not find a matching property.
11-Feb-2016 11:46:31.451 INFO [localhost-startStop-1] org.apache.jasper.servlet.TldScanner.scanJars At least one JAR was scanned for TLDs yet contained no TLDs. Enable debug logging for this logger for a complete list of JARs that were scanned but no TLDs were found in them. Skipping unneeded JARs during scanning can improve startup time and JSP compilation time.
11-Feb-2016 11:46:31.461 INFO [localhost-startStop-1] org.apache.catalina.startup.HostConfig.deployDirectory Deployment of web application directory C:\Program Files\apache-tomcat-8.0.30\webapps\host-manager has finished in 387 ms
11-Feb-2016 11:46:31.461 INFO [localhost-startStop-1] org.apache.catalina.startup.HostConfig.deployDirectory Deploying web application directory C:\Program Files\apache-tomcat-8.0.30\webapps\manager
11-Feb-2016 11:46:31.482 WARNING [localhost-startStop-1] org.apache.catalina.startup.SetContextPropertiesRule.begin [SetContextPropertiesRule]{Context} Setting property 'debug' to '0' did not find a matching property.
11-Feb-2016 11:46:31.753 INFO [localhost-startStop-1] org.apache.jasper.servlet.TldScanner.scanJars At least one JAR was scanned for TLDs yet contained no TLDs. Enable debug logging for this logger for a complete list of JARs that were scanned but no TLDs were found in them. Skipping unneeded JARs during scanning can improve startup time and JSP compilation time.
11-Feb-2016 11:46:31.756 INFO [localhost-startStop-1] org.apache.catalina.startup.HostConfig.deployDirectory Deployment of web application directory C:\Program Files\apache-tomcat-8.0.30\webapps\manager has finished in 295 ms
11-Feb-2016 11:46:31.756 INFO [localhost-startStop-1] org.apache.catalina.startup.HostConfig.deployDirectory Deploying web application directory C:\Program Files\apache-tomcat-8.0.30\webapps\ROOT
11-Feb-2016 11:46:31.761 WARNING [localhost-startStop-1] org.apache.catalina.startup.SetContextPropertiesRule.begin [SetContextPropertiesRule]{Context} Setting property 'debug' to '0' did not find a matching property.
11-Feb-2016 11:46:31.962 INFO [localhost-startStop-1] org.apache.jasper.servlet.TldScanner.scanJars At least one JAR was scanned for TLDs yet contained no TLDs. Enable debug logging for this logger for a complete list of JARs that were scanned but no TLDs were found in them. Skipping unneeded JARs during scanning can improve startup time and JSP compilation time.
11-Feb-2016 11:46:31.965 INFO [localhost-startStop-1] org.apache.catalina.startup.HostConfig.deployDirectory Deployment of web application directory C:\Program Files\apache-tomcat-8.0.30\webapps\ROOT has finished in 209 ms
11-Feb-2016 11:46:31.987 INFO [main] org.apache.coyote.AbstractProtocol.start Starting ProtocolHandler ["http-apr-8080"]
11-Feb-2016 11:46:32.001 INFO [main] org.apache.coyote.AbstractProtocol.start Starting ProtocolHandler ["ajp-apr-8009"]
11-Feb-2016 11:46:32.002 INFO [main] org.apache.catalina.startup.Catalina.start Server startup in 4288 ms
11-Feb-2016 16:04:04.740 SEVERE [main] org.apache.catalina.startup.Catalina.stopServer Could not contact localhost:8005. Tomcat may not be running.
11-Feb-2016 16:04:08.699 INFO [main] org.apache.catalina.startup.VersionLoggerListener.log Server version:        Apache Tomcat/8.0.30
11-Feb-2016 16:04:08.702 INFO [main] org.apache.catalina.startup.VersionLoggerListener.log Server built:          Dec 1 2015 22:30:46 UTC
11-Feb-2016 16:04:08.702 INFO [main] org.apache.catalina.startup.VersionLoggerListener.log Server number:         8.0.30.0
11-Feb-2016 16:04:08.703 INFO [main] org.apache.catalina.startup.VersionLoggerListener.log OS Name:               Windows 10
11-Feb-2016 16:04:08.703 INFO [main] org.apache.catalina.startup.VersionLoggerListener.log OS Version:            10.0
11-Feb-2016 16:04:08.703 INFO [main] org.apache.catalina.startup.VersionLoggerListener.log Architecture:          amd64
11-Feb-2016 16:04:08.703 INFO [main] org.apache.catalina.startup.VersionLoggerListener.log Java Home:             C:\Program Files\Java\jdk1.8.0_72\jre
11-Feb-2016 16:04:08.704 INFO [main] org.apache.catalina.startup.VersionLoggerListener.log JVM Version:           1.8.0_72-b15
11-Feb-2016 16:04:08.704 INFO [main] org.apache.catalina.startup.VersionLoggerListener.log JVM Vendor:            Oracle Corporation
11-Feb-2016 16:04:08.704 INFO [main] org.apache.catalina.startup.VersionLoggerListener.log CATALINA_BASE:         C:\Program Files\apache-tomcat-8.0.30
11-Feb-2016 16:04:08.705 INFO [main] org.apache.catalina.startup.VersionLoggerListener.log CATALINA_HOME:         C:\Program Files\apache-tomcat-8.0.30
11-Feb-2016 16:04:08.705 INFO [main] org.apache.catalina.startup.VersionLoggerListener.log Command line argument: -Djava.util.logging.config.file=C:\Program Files\apache-tomcat-8.0.30\conf\logging.properties
11-Feb-2016 16:04:08.706 INFO [main] org.apache.catalina.startup.VersionLoggerListener.log Command line argument: -Djava.util.logging.manager=org.apache.juli.ClassLoaderLogManager
11-Feb-2016 16:04:08.706 INFO [main] org.apache.catalina.startup.VersionLoggerListener.log Command line argument: -Djava.endorsed.dirs=C:\Program Files\apache-tomcat-8.0.30\endorsed
11-Feb-2016 16:04:08.706 INFO [main] org.apache.catalina.startup.VersionLoggerListener.log Command line argument: -Dcatalina.base=C:\Program Files\apache-tomcat-8.0.30
11-Feb-2016 16:04:08.706 INFO [main] org.apache.catalina.startup.VersionLoggerListener.log Command line argument: -Dcatalina.home=C:\Program Files\apache-tomcat-8.0.30
11-Feb-2016 16:04:08.707 INFO [main] org.apache.catalina.startup.VersionLoggerListener.log Command line argument: -Djava.io.tmpdir=C:\Program Files\apache-tomcat-8.0.30\temp
11-Feb-2016 16:04:08.708 INFO [main] org.apache.catalina.core.AprLifecycleListener.lifecycleEvent Loaded APR based Apache Tomcat Native library 1.1.33 using APR version 1.5.1.
11-Feb-2016 16:04:08.708 INFO [main] org.apache.catalina.core.AprLifecycleListener.lifecycleEvent APR capabilities: IPv6 [true], sendfile [true], accept filters [false], random [true].
11-Feb-2016 16:04:09.431 INFO [main] org.apache.catalina.core.AprLifecycleListener.initializeSSL OpenSSL successfully initialized (OpenSSL 1.0.1m 19 Mar 2015)
11-Feb-2016 16:04:09.965 INFO [main] org.apache.coyote.AbstractProtocol.init Initializing ProtocolHandler ["http-apr-8080"]
11-Feb-2016 16:04:09.974 INFO [main] org.apache.coyote.AbstractProtocol.init Initializing ProtocolHandler ["ajp-apr-8009"]
11-Feb-2016 16:04:09.976 INFO [main] org.apache.catalina.startup.Catalina.load Initialization processed in 1756 ms
11-Feb-2016 16:04:10.006 INFO [main] org.apache.catalina.core.StandardService.startInternal Starting service Catalina
11-Feb-2016 16:04:10.007 INFO [main] org.apache.catalina.core.StandardEngine.startInternal Starting Servlet Engine: Apache Tomcat/8.0.30
11-Feb-2016 16:04:10.017 INFO [localhost-startStop-1] org.apache.catalina.startup.HostConfig.deployDirectory Deploying web application directory C:\Program Files\apache-tomcat-8.0.30\webapps\CSE132b
11-Feb-2016 16:04:10.053 WARNING [localhost-startStop-1] org.apache.catalina.startup.SetContextPropertiesRule.begin [SetContextPropertiesRule]{Context} Setting property 'debug' to '0' did not find a matching property.
11-Feb-2016 16:04:10.638 INFO [localhost-startStop-1] org.apache.jasper.servlet.TldScanner.scanJars At least one JAR was scanned for TLDs yet contained no TLDs. Enable debug logging for this logger for a complete list of JARs that were scanned but no TLDs were found in them. Skipping unneeded JARs during scanning can improve startup time and JSP compilation time.
11-Feb-2016 16:04:10.737 INFO [localhost-startStop-1] org.apache.catalina.startup.HostConfig.deployDirectory Deployment of web application directory C:\Program Files\apache-tomcat-8.0.30\webapps\CSE132b has finished in 719 ms
11-Feb-2016 16:04:10.737 INFO [localhost-startStop-1] org.apache.catalina.startup.HostConfig.deployDirectory Deploying web application directory C:\Program Files\apache-tomcat-8.0.30\webapps\docs
11-Feb-2016 16:04:10.740 WARNING [localhost-startStop-1] org.apache.catalina.startup.SetContextPropertiesRule.begin [SetContextPropertiesRule]{Context} Setting property 'debug' to '0' did not find a matching property.
11-Feb-2016 16:04:10.974 INFO [localhost-startStop-1] org.apache.jasper.servlet.TldScanner.scanJars At least one JAR was scanned for TLDs yet contained no TLDs. Enable debug logging for this logger for a complete list of JARs that were scanned but no TLDs were found in them. Skipping unneeded JARs during scanning can improve startup time and JSP compilation time.
11-Feb-2016 16:04:10.976 INFO [localhost-startStop-1] org.apache.catalina.startup.HostConfig.deployDirectory Deployment of web application directory C:\Program Files\apache-tomcat-8.0.30\webapps\docs has finished in 239 ms
11-Feb-2016 16:04:10.976 INFO [localhost-startStop-1] org.apache.catalina.startup.HostConfig.deployDirectory Deploying web application directory C:\Program Files\apache-tomcat-8.0.30\webapps\examples
11-Feb-2016 16:04:10.979 WARNING [localhost-startStop-1] org.apache.catalina.startup.SetContextPropertiesRule.begin [SetContextPropertiesRule]{Context} Setting property 'debug' to '0' did not find a matching property.
11-Feb-2016 16:04:11.875 INFO [localhost-startStop-1] org.apache.jasper.servlet.TldScanner.scanJars At least one JAR was scanned for TLDs yet contained no TLDs. Enable debug logging for this logger for a complete list of JARs that were scanned but no TLDs were found in them. Skipping unneeded JARs during scanning can improve startup time and JSP compilation time.
11-Feb-2016 16:04:11.928 INFO [localhost-startStop-1] org.apache.catalina.startup.HostConfig.deployDirectory Deployment of web application directory C:\Program Files\apache-tomcat-8.0.30\webapps\examples has finished in 952 ms
11-Feb-2016 16:04:11.928 INFO [localhost-startStop-1] org.apache.catalina.startup.HostConfig.deployDirectory Deploying web application directory C:\Program Files\apache-tomcat-8.0.30\webapps\host-manager
11-Feb-2016 16:04:11.935 WARNING [localhost-startStop-1] org.apache.catalina.startup.SetContextPropertiesRule.begin [SetContextPropertiesRule]{Context} Setting property 'debug' to '0' did not find a matching property.
11-Feb-2016 16:04:12.214 INFO [localhost-startStop-1] org.apache.jasper.servlet.TldScanner.scanJars At least one JAR was scanned for TLDs yet contained no TLDs. Enable debug logging for this logger for a complete list of JARs that were scanned but no TLDs were found in them. Skipping unneeded JARs during scanning can improve startup time and JSP compilation time.
11-Feb-2016 16:04:12.218 INFO [localhost-startStop-1] org.apache.catalina.startup.HostConfig.deployDirectory Deployment of web application directory C:\Program Files\apache-tomcat-8.0.30\webapps\host-manager has finished in 290 ms
11-Feb-2016 16:04:12.219 INFO [localhost-startStop-1] org.apache.catalina.startup.HostConfig.deployDirectory Deploying web application directory C:\Program Files\apache-tomcat-8.0.30\webapps\manager
11-Feb-2016 16:04:12.226 WARNING [localhost-startStop-1] org.apache.catalina.startup.SetContextPropertiesRule.begin [SetContextPropertiesRule]{Context} Setting property 'debug' to '0' did not find a matching property.
11-Feb-2016 16:04:12.460 INFO [localhost-startStop-1] org.apache.jasper.servlet.TldScanner.scanJars At least one JAR was scanned for TLDs yet contained no TLDs. Enable debug logging for this logger for a complete list of JARs that were scanned but no TLDs were found in them. Skipping unneeded JARs during scanning can improve startup time and JSP compilation time.
11-Feb-2016 16:04:12.463 INFO [localhost-startStop-1] org.apache.catalina.startup.HostConfig.deployDirectory Deployment of web application directory C:\Program Files\apache-tomcat-8.0.30\webapps\manager has finished in 244 ms
11-Feb-2016 16:04:12.464 INFO [localhost-startStop-1] org.apache.catalina.startup.HostConfig.deployDirectory Deploying web application directory C:\Program Files\apache-tomcat-8.0.30\webapps\ROOT
11-Feb-2016 16:04:12.466 WARNING [localhost-startStop-1] org.apache.catalina.startup.SetContextPropertiesRule.begin [SetContextPropertiesRule]{Context} Setting property 'debug' to '0' did not find a matching property.
11-Feb-2016 16:04:12.651 INFO [localhost-startStop-1] org.apache.jasper.servlet.TldScanner.scanJars At least one JAR was scanned for TLDs yet contained no TLDs. Enable debug logging for this logger for a complete list of JARs that were scanned but no TLDs were found in them. Skipping unneeded JARs during scanning can improve startup time and JSP compilation time.
11-Feb-2016 16:04:12.654 INFO [localhost-startStop-1] org.apache.catalina.startup.HostConfig.deployDirectory Deployment of web application directory C:\Program Files\apache-tomcat-8.0.30\webapps\ROOT has finished in 190 ms
11-Feb-2016 16:04:12.659 INFO [main] org.apache.coyote.AbstractProtocol.start Starting ProtocolHandler ["http-apr-8080"]
11-Feb-2016 16:04:12.666 INFO [main] org.apache.coyote.AbstractProtocol.start Starting ProtocolHandler ["ajp-apr-8009"]
11-Feb-2016 16:04:12.667 INFO [main] org.apache.catalina.startup.Catalina.start Server startup in 2689 ms
11-Feb-2016 19:20:19.842 INFO [main] org.apache.catalina.startup.VersionLoggerListener.log Server version:        Apache Tomcat/8.0.30
11-Feb-2016 19:20:19.845 INFO [main] org.apache.catalina.startup.VersionLoggerListener.log Server built:          Dec 1 2015 22:30:46 UTC
11-Feb-2016 19:20:19.845 INFO [main] org.apache.catalina.startup.VersionLoggerListener.log Server number:         8.0.30.0
11-Feb-2016 19:20:19.846 INFO [main] org.apache.catalina.startup.VersionLoggerListener.log OS Name:               Windows 10
11-Feb-2016 19:20:19.846 INFO [main] org.apache.catalina.startup.VersionLoggerListener.log OS Version:            10.0
11-Feb-2016 19:20:19.846 INFO [main] org.apache.catalina.startup.VersionLoggerListener.log Architecture:          amd64
11-Feb-2016 19:20:19.847 INFO [main] org.apache.catalina.startup.VersionLoggerListener.log Java Home:             C:\Program Files\Java\jdk1.8.0_72\jre
11-Feb-2016 19:20:19.847 INFO [main] org.apache.catalina.startup.VersionLoggerListener.log JVM Version:           1.8.0_72-b15
11-Feb-2016 19:20:19.847 INFO [main] org.apache.catalina.startup.VersionLoggerListener.log JVM Vendor:            Oracle Corporation
11-Feb-2016 19:20:19.848 INFO [main] org.apache.catalina.startup.VersionLoggerListener.log CATALINA_BASE:         C:\Program Files\apache-tomcat-8.0.30
11-Feb-2016 19:20:19.848 INFO [main] org.apache.catalina.startup.VersionLoggerListener.log CATALINA_HOME:         C:\Program Files\apache-tomcat-8.0.30
11-Feb-2016 19:20:19.849 INFO [main] org.apache.catalina.startup.VersionLoggerListener.log Command line argument: -Djava.util.logging.config.file=C:\Program Files\apache-tomcat-8.0.30\conf\logging.properties
11-Feb-2016 19:20:19.849 INFO [main] org.apache.catalina.startup.VersionLoggerListener.log Command line argument: -Djava.util.logging.manager=org.apache.juli.ClassLoaderLogManager
11-Feb-2016 19:20:19.849 INFO [main] org.apache.catalina.startup.VersionLoggerListener.log Command line argument: -Djava.endorsed.dirs=C:\Program Files\apache-tomcat-8.0.30\endorsed
11-Feb-2016 19:20:19.850 INFO [main] org.apache.catalina.startup.VersionLoggerListener.log Command line argument: -Dcatalina.base=C:\Program Files\apache-tomcat-8.0.30
11-Feb-2016 19:20:19.850 INFO [main] org.apache.catalina.startup.VersionLoggerListener.log Command line argument: -Dcatalina.home=C:\Program Files\apache-tomcat-8.0.30
11-Feb-2016 19:20:19.850 INFO [main] org.apache.catalina.startup.VersionLoggerListener.log Command line argument: -Djava.io.tmpdir=C:\Program Files\apache-tomcat-8.0.30\temp
11-Feb-2016 19:20:19.851 INFO [main] org.apache.catalina.core.AprLifecycleListener.lifecycleEvent Loaded APR based Apache Tomcat Native library 1.1.33 using APR version 1.5.1.
11-Feb-2016 19:20:19.852 INFO [main] org.apache.catalina.core.AprLifecycleListener.lifecycleEvent APR capabilities: IPv6 [true], sendfile [true], accept filters [false], random [true].
11-Feb-2016 19:20:20.642 INFO [main] org.apache.catalina.core.AprLifecycleListener.initializeSSL OpenSSL successfully initialized (OpenSSL 1.0.1m 19 Mar 2015)
11-Feb-2016 19:20:20.775 INFO [main] org.apache.coyote.AbstractProtocol.init Initializing ProtocolHandler ["http-apr-8080"]
11-Feb-2016 19:20:20.784 INFO [main] org.apache.coyote.AbstractProtocol.init Initializing ProtocolHandler ["ajp-apr-8009"]
11-Feb-2016 19:20:20.786 INFO [main] org.apache.catalina.startup.Catalina.load Initialization processed in 1315 ms
11-Feb-2016 19:20:20.811 INFO [main] org.apache.catalina.core.StandardService.startInternal Starting service Catalina
11-Feb-2016 19:20:20.812 INFO [main] org.apache.catalina.core.StandardEngine.startInternal Starting Servlet Engine: Apache Tomcat/8.0.30
11-Feb-2016 19:20:20.825 INFO [localhost-startStop-1] org.apache.catalina.startup.HostConfig.deployDirectory Deploying web application directory C:\Program Files\apache-tomcat-8.0.30\webapps\CSE132b
11-Feb-2016 19:20:20.861 WARNING [localhost-startStop-1] org.apache.catalina.startup.SetContextPropertiesRule.begin [SetContextPropertiesRule]{Context} Setting property 'debug' to '0' did not find a matching property.
11-Feb-2016 19:20:21.430 INFO [localhost-startStop-1] org.apache.jasper.servlet.TldScanner.scanJars At least one JAR was scanned for TLDs yet contained no TLDs. Enable debug logging for this logger for a complete list of JARs that were scanned but no TLDs were found in them. Skipping unneeded JARs during scanning can improve startup time and JSP compilation time.
11-Feb-2016 19:20:21.535 INFO [localhost-startStop-1] org.apache.catalina.startup.HostConfig.deployDirectory Deployment of web application directory C:\Program Files\apache-tomcat-8.0.30\webapps\CSE132b has finished in 709 ms
11-Feb-2016 19:20:21.535 INFO [localhost-startStop-1] org.apache.catalina.startup.HostConfig.deployDirectory Deploying web application directory C:\Program Files\apache-tomcat-8.0.30\webapps\docs
11-Feb-2016 19:20:21.539 WARNING [localhost-startStop-1] org.apache.catalina.startup.SetContextPropertiesRule.begin [SetContextPropertiesRule]{Context} Setting property 'debug' to '0' did not find a matching property.
11-Feb-2016 19:20:21.796 INFO [localhost-startStop-1] org.apache.jasper.servlet.TldScanner.scanJars At least one JAR was scanned for TLDs yet contained no TLDs. Enable debug logging for this logger for a complete list of JARs that were scanned but no TLDs were found in them. Skipping unneeded JARs during scanning can improve startup time and JSP compilation time.
11-Feb-2016 19:20:21.799 INFO [localhost-startStop-1] org.apache.catalina.startup.HostConfig.deployDirectory Deployment of web application directory C:\Program Files\apache-tomcat-8.0.30\webapps\docs has finished in 264 ms
11-Feb-2016 19:20:21.799 INFO [localhost-startStop-1] org.apache.catalina.startup.HostConfig.deployDirectory Deploying web application directory C:\Program Files\apache-tomcat-8.0.30\webapps\examples
11-Feb-2016 19:20:21.802 WARNING [localhost-startStop-1] org.apache.catalina.startup.SetContextPropertiesRule.begin [SetContextPropertiesRule]{Context} Setting property 'debug' to '0' did not find a matching property.
11-Feb-2016 19:20:22.263 INFO [localhost-startStop-1] org.apache.jasper.servlet.TldScanner.scanJars At least one JAR was scanned for TLDs yet contained no TLDs. Enable debug logging for this logger for a complete list of JARs that were scanned but no TLDs were found in them. Skipping unneeded JARs during scanning can improve startup time and JSP compilation time.
11-Feb-2016 19:20:22.314 INFO [localhost-startStop-1] org.apache.catalina.startup.HostConfig.deployDirectory Deployment of web application directory C:\Program Files\apache-tomcat-8.0.30\webapps\examples has finished in 515 ms
11-Feb-2016 19:20:22.315 INFO [localhost-startStop-1] org.apache.catalina.startup.HostConfig.deployDirectory Deploying web application directory C:\Program Files\apache-tomcat-8.0.30\webapps\host-manager
11-Feb-2016 19:20:22.319 WARNING [localhost-startStop-1] org.apache.catalina.startup.SetContextPropertiesRule.begin [SetContextPropertiesRule]{Context} Setting property 'debug' to '0' did not find a matching property.
11-Feb-2016 19:20:22.568 INFO [localhost-startStop-1] org.apache.jasper.servlet.TldScanner.scanJars At least one JAR was scanned for TLDs yet contained no TLDs. Enable debug logging for this logger for a complete list of JARs that were scanned but no TLDs were found in them. Skipping unneeded JARs during scanning can improve startup time and JSP compilation time.
11-Feb-2016 19:20:22.573 INFO [localhost-startStop-1] org.apache.catalina.startup.HostConfig.deployDirectory Deployment of web application directory C:\Program Files\apache-tomcat-8.0.30\webapps\host-manager has finished in 258 ms
11-Feb-2016 19:20:22.573 INFO [localhost-startStop-1] org.apache.catalina.startup.HostConfig.deployDirectory Deploying web application directory C:\Program Files\apache-tomcat-8.0.30\webapps\manager
11-Feb-2016 19:20:22.576 WARNING [localhost-startStop-1] org.apache.catalina.startup.SetContextPropertiesRule.begin [SetContextPropertiesRule]{Context} Setting property 'debug' to '0' did not find a matching property.
11-Feb-2016 19:20:22.831 INFO [localhost-startStop-1] org.apache.jasper.servlet.TldScanner.scanJars At least one JAR was scanned for TLDs yet contained no TLDs. Enable debug logging for this logger for a complete list of JARs that were scanned but no TLDs were found in them. Skipping unneeded JARs during scanning can improve startup time and JSP compilation time.
11-Feb-2016 19:20:22.834 INFO [localhost-startStop-1] org.apache.catalina.startup.HostConfig.deployDirectory Deployment of web application directory C:\Program Files\apache-tomcat-8.0.30\webapps\manager has finished in 261 ms
11-Feb-2016 19:20:22.835 INFO [localhost-startStop-1] org.apache.catalina.startup.HostConfig.deployDirectory Deploying web application directory C:\Program Files\apache-tomcat-8.0.30\webapps\ROOT
11-Feb-2016 19:20:22.837 WARNING [localhost-startStop-1] org.apache.catalina.startup.SetContextPropertiesRule.begin [SetContextPropertiesRule]{Context} Setting property 'debug' to '0' did not find a matching property.
11-Feb-2016 19:20:23.030 INFO [localhost-startStop-1] org.apache.jasper.servlet.TldScanner.scanJars At least one JAR was scanned for TLDs yet contained no TLDs. Enable debug logging for this logger for a complete list of JARs that were scanned but no TLDs were found in them. Skipping unneeded JARs during scanning can improve startup time and JSP compilation time.
11-Feb-2016 19:20:23.033 INFO [localhost-startStop-1] org.apache.catalina.startup.HostConfig.deployDirectory Deployment of web application directory C:\Program Files\apache-tomcat-8.0.30\webapps\ROOT has finished in 198 ms
11-Feb-2016 19:20:23.036 INFO [main] org.apache.coyote.AbstractProtocol.start Starting ProtocolHandler ["http-apr-8080"]
11-Feb-2016 19:20:23.042 INFO [main] org.apache.coyote.AbstractProtocol.start Starting ProtocolHandler ["ajp-apr-8009"]
11-Feb-2016 19:20:23.043 INFO [main] org.apache.catalina.startup.Catalina.start Server startup in 2255 ms
